<?xml version="1.0" encoding="UTF-8"?>
<!-- Generated by org.testng.reporters.JUnitXMLReporter -->
<testsuite hostname="DESKTOP-SP0RH04" ignored="0" name="Test" tests="3" failures="0" timestamp="15 лют. 2019 11:34:53 GMT" time="87.801" errors="0">
  <testcase name="GET_EmployeeList" time="13.901" classname="RestAssured.GetRequest"/>
  <testcase name="test1" time="2.017" classname="Selenium.Demo"/>
  <testcase name="EribTest" time="52.769" classname="Appium.EriBank"/>
</testsuite> <!-- Test -->
