<?xml version="1.0" encoding="UTF-8"?>
<testsuite xmlns:xsi="http://www.w3.org/2001/XMLSchema-instance" xsi:noNamespaceSchemaLocation="https://maven.apache.org/surefire/maven-surefire-plugin/xsd/surefire-test-report-3.0.xsd" version="3.0" name="TestSuite" time="131.594" tests="3" errors="0" skipped="0" failures="0">
  <properties>
[...]
</properties>
  <testcase name="GET_EmployeeList" classname="RestAssured.GetRequest" time="13.889"/>
  <testcase name="test1" classname="Selenium.Demo" time="2.016"/>
  <testcase name="EribTest" classname="Appium.EriBank" time="34.496"/>
</testsuite>